c:\users\jdtho\source\repos\pageantrydesigner\pageantrydesigner\x64\debug\graphicspanel.obj
c:\users\jdtho\source\repos\pageantrydesigner\pageantrydesigner\x64\debug\topwindow.obj
c:\users\jdtho\source\repos\pageantrydesigner\pageantrydesigner\x64\debug\main.obj
c:\users\jdtho\source\repos\pageantrydesigner\pageantrydesigner\x64\debug\floorrenderer.obj
c:\users\jdtho\source\repos\pageantrydesigner\pageantrydesigner\x64\debug\vc142.pdb
c:\users\jdtho\source\repos\pageantrydesigner\pageantrydesigner\x64\debug\qrc_topwindow.obj
c:\users\jdtho\source\repos\pageantrydesigner\pageantrydesigner\x64\debug\qrc_topwindow.asm
c:\users\jdtho\source\repos\pageantrydesigner\pageantrydesigner\x64\debug\moc_graphicspanel.obj
c:\users\jdtho\source\repos\pageantrydesigner\pageantrydesigner\x64\debug\moc_graphicspanel.asm
c:\users\jdtho\source\repos\pageantrydesigner\pageantrydesigner\x64\debug\moc_topwindow.obj
c:\users\jdtho\source\repos\pageantrydesigner\pageantrydesigner\x64\debug\moc_topwindow.asm
c:\users\jdtho\source\repos\pageantrydesigner\pageantrydesigner\x64\debug\\moc\\moc_topwindow.cpp
c:\users\jdtho\source\repos\pageantrydesigner\pageantrydesigner\x64\debug\\moc\\moc_graphicspanel.cpp
c:\users\jdtho\source\repos\pageantrydesigner\pageantrydesigner\x64\debug\uic\ui_topwindow.h
c:\users\jdtho\source\repos\pageantrydesigner\pageantrydesigner\x64\debug\rcc\qrc_topwindow.cpp
c:\users\jdtho\source\repos\pageantrydesigner\pageantrydesigner\x64\debug\moc\moc_topwindow.cpp
c:\users\jdtho\source\repos\pageantrydesigner\pageantrydesigner\x64\debug\moc\moc_graphicspanel.cpp
c:\users\jdtho\source\repos\pageantrydesigner\pageantrydesigner\x64\debug\\rcc\\qrc_topwindow.cpp
c:\users\jdtho\source\repos\pageantrydesigner\pageantrydesigner\x64\debug\\uic\\ui_topwindow.h
c:\users\jdtho\source\repos\pageantrydesigner\x64\debug\pageantrydesigner.pdb
c:\users\jdtho\source\repos\pageantrydesigner\pageantrydesigner\x64\debug\pageantr.b12702ad.tlog\cl.10084.write.1.tlog
c:\users\jdtho\source\repos\pageantrydesigner\pageantrydesigner\x64\debug\pageantr.b12702ad.tlog\cl.command.1.tlog
c:\users\jdtho\source\repos\pageantrydesigner\pageantrydesigner\x64\debug\pageantr.b12702ad.tlog\cl.read.1.tlog
c:\users\jdtho\source\repos\pageantrydesigner\pageantrydesigner\x64\debug\pageantr.b12702ad.tlog\link-cvtres.read.1.tlog
c:\users\jdtho\source\repos\pageantrydesigner\pageantrydesigner\x64\debug\pageantr.b12702ad.tlog\link-cvtres.write.1.tlog
c:\users\jdtho\source\repos\pageantrydesigner\pageantrydesigner\x64\debug\pageantr.b12702ad.tlog\link-rc.read.1.tlog
c:\users\jdtho\source\repos\pageantrydesigner\pageantrydesigner\x64\debug\pageantr.b12702ad.tlog\link-rc.write.1.tlog
c:\users\jdtho\source\repos\pageantrydesigner\pageantrydesigner\x64\debug\pageantr.b12702ad.tlog\link.command.1.tlog
c:\users\jdtho\source\repos\pageantrydesigner\pageantrydesigner\x64\debug\pageantr.b12702ad.tlog\link.read.1.tlog
c:\users\jdtho\source\repos\pageantrydesigner\pageantrydesigner\x64\debug\pageantr.b12702ad.tlog\link.write.1.tlog
c:\users\jdtho\source\repos\pageantrydesigner\pageantrydesigner\x64\debug\pageantr.b12702ad.tlog\moc.read.1u.tlog
c:\users\jdtho\source\repos\pageantrydesigner\pageantrydesigner\x64\debug\pageantr.b12702ad.tlog\moc.write.1u.tlog
c:\users\jdtho\source\repos\pageantrydesigner\pageantrydesigner\x64\debug\pageantr.b12702ad.tlog\pageantrydesigner.write.1u.tlog
c:\users\jdtho\source\repos\pageantrydesigner\pageantrydesigner\x64\debug\pageantr.b12702ad.tlog\rcc.read.1u.tlog
c:\users\jdtho\source\repos\pageantrydesigner\pageantrydesigner\x64\debug\pageantr.b12702ad.tlog\rcc.write.1u.tlog
c:\users\jdtho\source\repos\pageantrydesigner\pageantrydesigner\x64\debug\pageantr.b12702ad.tlog\uic.read.1u.tlog
c:\users\jdtho\source\repos\pageantrydesigner\pageantrydesigner\x64\debug\pageantr.b12702ad.tlog\uic.write.1u.tlog
